<?xml version="1.0" encoding="UTF-8"?>
<!-- Generated by org.testng.reporters.JUnitXMLReporter -->
<testsuite ignored="0" hostname="pran" failures="0" tests="10" name="Surefire test" time="22.308" errors="0" timestamp="2024-03-11T22:40:23 IST">
  <testcase classname="api.test.UserTests" name="testPostUser" time="3.888"/>
  <testcase classname="api.test.UserTests" name="testGetUserByName" time="1.597"/>
  <testcase classname="api.test.UserTests" name="testUpdateUserByName" time="2.979"/>
  <testcase classname="api.test.UserTests" name="deleteUserByName" time="1.402"/>
  <testcase classname="api.test.DDTests" name="testPostUser" time="1.637"/>
  <testcase classname="api.test.DDTests" name="testPostUser" time="1.469"/>
  <testcase classname="api.test.DDTests" name="testPostUser" time="1.478"/>
  <testcase classname="api.test.DDTests" name="testDeleteUserByName" time="1.342"/>
  <testcase classname="api.test.DDTests" name="testDeleteUserByName" time="1.329"/>
  <testcase classname="api.test.DDTests" name="testDeleteUserByName" time="1.428"/>
</testsuite> <!-- Surefire test -->
