<?xml version="1.0" encoding="UTF-8"?>
<!-- Generated by org.testng.reporters.JUnitXMLReporter -->
<testsuite ignored="3" hostname="pran" failures="0" tests="1" name="Default test" time="3.44" errors="0" timestamp="2024-03-11T22:00:51 IST">
  <testcase classname="api.test.UserTests2" name="testPostUser" time="2.871"/>
  <testcase classname="api.test.UserTests2" name="testUpdateUserByName" time="0.0">
    <ignored/>
  </testcase> <!-- testUpdateUserByName -->
  <testcase classname="api.test.UserTests2" name="testGetUserByName" time="0.0">
    <ignored/>
  </testcase> <!-- testGetUserByName -->
  <testcase classname="api.test.UserTests2" name="deleteUserByName" time="0.0">
    <ignored/>
  </testcase> <!-- deleteUserByName -->
</testsuite> <!-- Default test -->
