<?xml version="1.0" encoding="UTF-8"?>
<testng-results ignored="0" total="10" passed="10" failed="0" skipped="0">
  <reporter-output>
  </reporter-output>
  <suite started-at="2024-03-11T22:40:00 IST" name="Surefire suite" finished-at="2024-03-11T22:40:23 IST" duration-ms="22308">
    <groups>
    </groups>
    <test started-at="2024-03-11T22:40:00 IST" name="Surefire test" finished-at="2024-03-11T22:40:23 IST" duration-ms="22308">
      <class name="api.test.UserTests">
        <test-method is-config="true" signature="setupData()[pri:0, instance:api.test.UserTests@105fece7]" started-at="2024-03-11T22:40:00 IST" name="setupData" finished-at="2024-03-11T22:40:02 IST" duration-ms="1733" status="PASS">
          <reporter-output>
          </reporter-output>
        </test-method> <!-- setupData -->
        <test-method signature="testPostUser()[pri:1, instance:api.test.UserTests@105fece7]" started-at="2024-03-11T22:40:02 IST" name="testPostUser" finished-at="2024-03-11T22:40:06 IST" duration-ms="3888" status="PASS">
          <reporter-output>
          </reporter-output>
        </test-method> <!-- testPostUser -->
        <test-method signature="testGetUserByName()[pri:2, instance:api.test.UserTests@105fece7]" started-at="2024-03-11T22:40:06 IST" name="testGetUserByName" finished-at="2024-03-11T22:40:08 IST" duration-ms="1597" status="PASS">
          <reporter-output>
          </reporter-output>
        </test-method> <!-- testGetUserByName -->
        <test-method signature="testUpdateUserByName()[pri:3, instance:api.test.UserTests@105fece7]" started-at="2024-03-11T22:40:08 IST" name="testUpdateUserByName" finished-at="2024-03-11T22:40:11 IST" duration-ms="2979" status="PASS">
          <reporter-output>
          </reporter-output>
        </test-method> <!-- testUpdateUserByName -->
        <test-method signature="deleteUserByName()[pri:4, instance:api.test.UserTests@105fece7]" started-at="2024-03-11T22:40:11 IST" name="deleteUserByName" finished-at="2024-03-11T22:40:12 IST" duration-ms="1402" status="PASS">
          <reporter-output>
          </reporter-output>
        </test-method> <!-- deleteUserByName -->
      </class> <!-- api.test.UserTests -->
      <class name="api.test.DDTests">
        <test-method signature="testPostUser(java.lang.String,java.lang.String,java.lang.String,java.lang.String,java.lang.String,java.lang.String,java.lang.String)[pri:1, instance:api.test.DDTests@2b546384]" started-at="2024-03-11T22:40:14 IST" name="testPostUser" data-provider="Data" finished-at="2024-03-11T22:40:15 IST" duration-ms="1637" status="PASS">
          <params>
            <param index="0">
              <value>
                <![CDATA[1001]]>
              </value>
            </param>
            <param index="1">
              <value>
                <![CDATA[praneeth]]>
              </value>
            </param>
            <param index="2">
              <value>
                <![CDATA[praneeth]]>
              </value>
            </param>
            <param index="3">
              <value>
                <![CDATA[kumar]]>
              </value>
            </param>
            <param index="4">
              <value>
                <![CDATA[p@123]]>
              </value>
            </param>
            <param index="5">
              <value>
                <![CDATA[P@123]]>
              </value>
            </param>
            <param index="6">
              <value>
                <![CDATA[93476]]>
              </value>
            </param>
          </params>
          <reporter-output>
          </reporter-output>
        </test-method> <!-- testPostUser -->
        <test-method signature="testPostUser(java.lang.String,java.lang.String,java.lang.String,java.lang.String,java.lang.String,java.lang.String,java.lang.String)[pri:1, instance:api.test.DDTests@2b546384]" started-at="2024-03-11T22:40:15 IST" name="testPostUser" data-provider="Data" finished-at="2024-03-11T22:40:17 IST" duration-ms="1469" status="PASS">
          <params>
            <param index="0">
              <value>
                <![CDATA[1002]]>
              </value>
            </param>
            <param index="1">
              <value>
                <![CDATA[kumar]]>
              </value>
            </param>
            <param index="2">
              <value>
                <![CDATA[kumari]]>
              </value>
            </param>
            <param index="3">
              <value>
                <![CDATA[charan]]>
              </value>
            </param>
            <param index="4">
              <value>
                <![CDATA[c@123]]>
              </value>
            </param>
            <param index="5">
              <value>
                <![CDATA[C@123]]>
              </value>
            </param>
            <param index="6">
              <value>
                <![CDATA[33697]]>
              </value>
            </param>
          </params>
          <reporter-output>
          </reporter-output>
        </test-method> <!-- testPostUser -->
        <test-method signature="testPostUser(java.lang.String,java.lang.String,java.lang.String,java.lang.String,java.lang.String,java.lang.String,java.lang.String)[pri:1, instance:api.test.DDTests@2b546384]" started-at="2024-03-11T22:40:17 IST" name="testPostUser" data-provider="Data" finished-at="2024-03-11T22:40:18 IST" duration-ms="1478" status="PASS">
          <params>
            <param index="0">
              <value>
                <![CDATA[1003]]>
              </value>
            </param>
            <param index="1">
              <value>
                <![CDATA[umesh]]>
              </value>
            </param>
            <param index="2">
              <value>
                <![CDATA[umesh]]>
              </value>
            </param>
            <param index="3">
              <value>
                <![CDATA[bro]]>
              </value>
            </param>
            <param index="4">
              <value>
                <![CDATA[u@234]]>
              </value>
            </param>
            <param index="5">
              <value>
                <![CDATA[U@123]]>
              </value>
            </param>
            <param index="6">
              <value>
                <![CDATA[82626]]>
              </value>
            </param>
          </params>
          <reporter-output>
          </reporter-output>
        </test-method> <!-- testPostUser -->
        <test-method signature="testDeleteUserByName(java.lang.String)[pri:2, instance:api.test.DDTests@2b546384]" started-at="2024-03-11T22:40:19 IST" name="testDeleteUserByName" data-provider="UserNames" finished-at="2024-03-11T22:40:20 IST" duration-ms="1342" status="PASS">
          <params>
            <param index="0">
              <value>
                <![CDATA[praneeth]]>
              </value>
            </param>
          </params>
          <reporter-output>
          </reporter-output>
        </test-method> <!-- testDeleteUserByName -->
        <test-method signature="testDeleteUserByName(java.lang.String)[pri:2, instance:api.test.DDTests@2b546384]" started-at="2024-03-11T22:40:20 IST" name="testDeleteUserByName" data-provider="UserNames" finished-at="2024-03-11T22:40:21 IST" duration-ms="1329" status="PASS">
          <params>
            <param index="0">
              <value>
                <![CDATA[kumar]]>
              </value>
            </param>
          </params>
          <reporter-output>
          </reporter-output>
        </test-method> <!-- testDeleteUserByName -->
        <test-method signature="testDeleteUserByName(java.lang.String)[pri:2, instance:api.test.DDTests@2b546384]" started-at="2024-03-11T22:40:21 IST" name="testDeleteUserByName" data-provider="UserNames" finished-at="2024-03-11T22:40:23 IST" duration-ms="1428" status="PASS">
          <params>
            <param index="0">
              <value>
                <![CDATA[umesh]]>
              </value>
            </param>
          </params>
          <reporter-output>
          </reporter-output>
        </test-method> <!-- testDeleteUserByName -->
      </class> <!-- api.test.DDTests -->
    </test> <!-- Surefire test -->
  </suite> <!-- Surefire suite -->
</testng-results>
