<?xml version="1.0" encoding="UTF-8"?>
<testng-results ignored="0" total="4" passed="4" failed="0" skipped="0">
  <reporter-output>
  </reporter-output>
  <suite started-at="2024-03-11T22:01:18 IST" name="PetSuite" finished-at="2024-03-11T22:01:28 IST" duration-ms="10396">
    <groups>
    </groups>
    <test started-at="2024-03-11T22:01:18 IST" name="PetTest" finished-at="2024-03-11T22:01:28 IST" duration-ms="10396">
      <class name="api.test.UserTests2">
        <test-method is-config="true" signature="setupData()[pri:0, instance:api.test.UserTests2@16ec5519]" started-at="2024-03-11T22:01:18 IST" name="setupData" finished-at="2024-03-11T22:01:19 IST" duration-ms="509" status="PASS">
          <reporter-output>
          </reporter-output>
        </test-method> <!-- setupData -->
        <test-method signature="testPostUser()[pri:1, instance:api.test.UserTests2@16ec5519]" started-at="2024-03-11T22:01:19 IST" name="testPostUser" finished-at="2024-03-11T22:01:22 IST" duration-ms="3613" status="PASS">
          <reporter-output>
          </reporter-output>
        </test-method> <!-- testPostUser -->
        <test-method signature="testGetUserByName()[pri:2, instance:api.test.UserTests2@16ec5519]" started-at="2024-03-11T22:01:22 IST" name="testGetUserByName" finished-at="2024-03-11T22:01:24 IST" duration-ms="1562" status="PASS">
          <reporter-output>
          </reporter-output>
        </test-method> <!-- testGetUserByName -->
        <test-method signature="testUpdateUserByName()[pri:3, instance:api.test.UserTests2@16ec5519]" started-at="2024-03-11T22:01:24 IST" name="testUpdateUserByName" finished-at="2024-03-11T22:01:27 IST" duration-ms="2965" status="PASS">
          <reporter-output>
          </reporter-output>
        </test-method> <!-- testUpdateUserByName -->
        <test-method signature="deleteUserByName()[pri:4, instance:api.test.UserTests2@16ec5519]" started-at="2024-03-11T22:01:27 IST" name="deleteUserByName" finished-at="2024-03-11T22:01:28 IST" duration-ms="1533" status="PASS">
          <reporter-output>
          </reporter-output>
        </test-method> <!-- deleteUserByName -->
      </class> <!-- api.test.UserTests2 -->
    </test> <!-- PetTest -->
  </suite> <!-- PetSuite -->
</testng-results>
