<?xml version="1.0" encoding="UTF-8"?>
<!-- Generated by org.testng.reporters.JUnitXMLReporter -->
<testsuite ignored="0" hostname="pran" failures="0" tests="4" name="PetTest" time="10.396" errors="0" timestamp="2024-03-11T22:01:29 IST">
  <testcase classname="api.test.UserTests2" name="testPostUser" time="3.613"/>
  <testcase classname="api.test.UserTests2" name="testGetUserByName" time="1.562"/>
  <testcase classname="api.test.UserTests2" name="testUpdateUserByName" time="2.965"/>
  <testcase classname="api.test.UserTests2" name="deleteUserByName" time="1.533"/>
</testsuite> <!-- PetTest -->
